<?xml version="1.0" encoding="UTF-8"?>
<!-- Generated by org.testng.reporters.JUnitReportReporter -->
<testsuite skipped="0" hostname="DESKTOP-VHB0RST" name="testngtest.MonsterReg" tests="1" failures="0" timestamp="28 Aug 2022 13:19:37 GMT" time="10.515" errors="0">
  <testcase name="reg" time="10.515" classname="testngtest.MonsterReg"/>
</testsuite> <!-- testngtest.MonsterReg -->
