<?xml version="1.0" encoding="UTF-8"?>
<!-- Generated by org.testng.reporters.JUnitReportReporter -->
<testsuite skipped="0" hostname="DESKTOP-VHB0RST" name="com.test.AnimalTest" tests="2" failures="0" timestamp="23 Aug 2022 15:29:48 GMT" time="0.008" errors="0">
  <testcase name="giraffe" time="0.005" classname="com.test.AnimalTest"/>
  <testcase name="lion" time="0.003" classname="com.test.AnimalTest"/>
</testsuite> <!-- com.test.AnimalTest -->
