<?xml version="1.0" encoding="UTF-8"?>
<!-- Generated by org.testng.reporters.JUnitReportReporter -->
<testsuite skipped="0" hostname="DESKTOP-VHB0RST" name="testngtest.ExtendReportsTesting" tests="1" failures="0" timestamp="02 Sep 2022 15:36:26 GMT" time="15.733" errors="0">
  <testcase name="orangeloginhrm" time="15.733" classname="testngtest.ExtendReportsTesting"/>
</testsuite> <!-- testngtest.ExtendReportsTesting -->
