<?xml version="1.0" encoding="UTF-8"?>
<!-- Generated by org.testng.reporters.JUnitReportReporter -->
<testsuite skipped="0" hostname="DESKTOP-VHB0RST" name="testngtest.OrangeJSExecutor" tests="1" failures="0" timestamp="28 Aug 2022 13:19:37 GMT" time="15.704" errors="0">
  <testcase name="jspractice" time="15.704" classname="testngtest.OrangeJSExecutor"/>
</testsuite> <!-- testngtest.OrangeJSExecutor -->
