<?xml version="1.0" encoding="UTF-8"?>
<!-- Generated by org.testng.reporters.JUnitReportReporter -->
<testsuite skipped="0" hostname="DESKTOP-VHB0RST" name="testngtest.DragDropGlobalUSA" tests="1" failures="0" timestamp="28 Aug 2022 12:20:37 GMT" time="5.850" errors="0">
  <testcase name="main" time="5.850" classname="testngtest.DragDropGlobalUSA"/>
</testsuite> <!-- testngtest.DragDropGlobalUSA -->
