<?xml version="1.0" encoding="UTF-8"?>
<!-- Generated by org.testng.reporters.JUnitReportReporter -->
<testsuite skipped="0" hostname="DESKTOP-VHB0RST" name="testngtest.StoreAddcart" tests="1" failures="0" timestamp="28 Aug 2022 13:25:37 GMT" time="12.953" errors="0">
  <testcase name="cart" time="12.953" classname="testngtest.StoreAddcart"/>
</testsuite> <!-- testngtest.StoreAddcart -->
