<?xml version="1.0" encoding="UTF-8"?>
<!-- Generated by org.testng.reporters.JUnitReportReporter -->
<testsuite skipped="0" hostname="DESKTOP-VHB0RST" name="testNGpractice.DragDrop" tests="1" failures="0" timestamp="25 Aug 2022 15:29:10 GMT" time="4.274" errors="0">
  <testcase name="drdp" time="4.274" classname="testNGpractice.DragDrop"/>
</testsuite> <!-- testNGpractice.DragDrop -->
