<?xml version="1.0" encoding="UTF-8"?>
<!-- Generated by org.testng.reporters.JUnitReportReporter -->
<testsuite skipped="0" hostname="DESKTOP-VHB0RST" name="testngtest.OrangeHrmExcelTest" tests="3" failures="0" timestamp="31 Aug 2022 14:36:29 GMT" time="38.000" errors="0">
  <testcase name="ihgLogin" time="11.087" classname="testngtest.OrangeHrmExcelTest"/>
  <testcase name="ihgLogin" time="10.370" classname="testngtest.OrangeHrmExcelTest"/>
  <testcase name="ihgLogin" time="16.543" classname="testngtest.OrangeHrmExcelTest"/>
</testsuite> <!-- testngtest.OrangeHrmExcelTest -->
