<?xml version="1.0" encoding="UTF-8"?>
<!-- Generated by org.testng.reporters.JUnitReportReporter -->
<testsuite skipped="0" hostname="DESKTOP-VHB0RST" name="com.test.Friuts$Fruits" tests="6" failures="0" timestamp="23 Aug 2022 15:37:19 GMT" time="0.031" errors="0">
  <testcase name="melon" time="0.008" classname="com.test.Friuts$Fruits"/>
  <testcase name="orange" time="0.002" classname="com.test.Friuts$Fruits"/>
  <testcase name="grapes" time="0.001" classname="com.test.Friuts$Fruits"/>
  <testcase name="apple" time="0.003" classname="com.test.Friuts$Fruits"/>
  <testcase name="sopota" time="0.004" classname="com.test.Friuts$Fruits"/>
  <testcase name="mango" time="0.013" classname="com.test.Friuts$Fruits"/>
</testsuite> <!-- com.test.Friuts$Fruits -->
