<?xml version="1.0" encoding="UTF-8"?>
<!-- Generated by org.testng.reporters.JUnitReportReporter -->
<testsuite skipped="0" hostname="DESKTOP-VHB0RST" name="testngtest.DatatestinPass" tests="2" failures="0" timestamp="28 Aug 2022 13:59:46 GMT" time="14.989" errors="0">
  <testcase name="login" time="8.194" classname="testngtest.DatatestinPass"/>
  <testcase name="login" time="6.795" classname="testngtest.DatatestinPass"/>
</testsuite> <!-- testngtest.DatatestinPass -->
