<?xml version="1.0" encoding="UTF-8"?>
<!-- Generated by org.testng.reporters.JUnitReportReporter -->
<testsuite skipped="0" hostname="DESKTOP-VHB0RST" name="testngtest.JquerySelect" tests="1" failures="0" timestamp="28 Aug 2022 12:26:32 GMT" time="3.646" errors="0">
  <testcase name="items" time="3.646" classname="testngtest.JquerySelect"/>
</testsuite> <!-- testngtest.JquerySelect -->
