<?xml version="1.0" encoding="UTF-8"?>
<!-- Generated by org.testng.reporters.JUnitReportReporter -->
<testsuite skipped="0" hostname="DESKTOP-VHB0RST" name="testNGpractice.OrangeLogin" tests="1" failures="0" timestamp="26 Aug 2022 00:22:37 GMT" time="11.473" errors="0">
  <testcase name="login" time="11.473" classname="testNGpractice.OrangeLogin"/>
</testsuite> <!-- testNGpractice.OrangeLogin -->
