<?xml version="1.0" encoding="UTF-8"?>
<!-- Generated by org.testng.reporters.JUnitReportReporter -->
<testsuite skipped="0" hostname="DESKTOP-VHB0RST" name="testNGpractice.DemoFrames" tests="1" failures="0" timestamp="25 Aug 2022 15:29:10 GMT" time="5.390" errors="0">
  <testcase name="frames" time="5.390" classname="testNGpractice.DemoFrames"/>
</testsuite> <!-- testNGpractice.DemoFrames -->
