<?xml version="1.0" encoding="UTF-8"?>
<!-- Generated by org.testng.reporters.JUnitReportReporter -->
<testsuite skipped="0" hostname="DESKTOP-VHB0RST" name="com.test.Fruits" tests="1" failures="0" timestamp="19 Aug 2022 16:07:34 GMT" time="0.004" errors="0">
  <testcase name="mango" time="0.004" classname="com.test.Fruits"/>
</testsuite> <!-- com.test.Fruits -->
