<?xml version="1.0" encoding="UTF-8"?>
<!-- Generated by org.testng.reporters.JUnitReportReporter -->
<testsuite skipped="0" hostname="DESKTOP-VHB0RST" name="testngtest.TableHandling" tests="1" failures="0" timestamp="28 Aug 2022 13:19:37 GMT" time="16.778" errors="0">
  <testcase name="table" time="16.778" classname="testngtest.TableHandling"/>
</testsuite> <!-- testngtest.TableHandling -->
