<?xml version="1.0" encoding="UTF-8"?>
<!-- Generated by org.testng.reporters.JUnitReportReporter -->
<testsuite skipped="0" hostname="DESKTOP-VHB0RST" name="testngtest.ExcelTest" tests="1" failures="0" timestamp="29 Aug 2022 15:48:05 GMT" time="0.701" errors="0">
  <testcase name="excel" time="0.701" classname="testngtest.ExcelTest"/>
</testsuite> <!-- testngtest.ExcelTest -->
