<?xml version="1.0" encoding="UTF-8"?>
<!-- Generated by org.testng.reporters.JUnitReportReporter -->
<testsuite skipped="0" hostname="DESKTOP-VHB0RST" name="testNGpractice.LambdaTest" tests="1" failures="0" timestamp="26 Aug 2022 00:23:59 GMT" time="10.283" errors="0">
  <testcase name="lambda" time="10.283" classname="testNGpractice.LambdaTest"/>
</testsuite> <!-- testNGpractice.LambdaTest -->
