<?xml version="1.0" encoding="UTF-8"?>
<!-- Generated by org.testng.reporters.JUnitReportReporter -->
<testsuite skipped="0" hostname="DESKTOP-VHB0RST" name="testNGpractice.AmazonShoppingCart" tests="1" failures="0" timestamp="02 Sep 2022 14:34:59 GMT" time="24.908" errors="0">
  <testcase name="shoppingcart" time="24.908" classname="testNGpractice.AmazonShoppingCart"/>
</testsuite> <!-- testNGpractice.AmazonShoppingCart -->
