<?xml version="1.0" encoding="UTF-8"?>
<!-- Generated by org.testng.reporters.JUnitReportReporter -->
<testsuite skipped="0" hostname="DESKTOP-VHB0RST" name="testngtest.OpenCartPractice" tests="1" failures="0" timestamp="28 Aug 2022 13:25:36 GMT" time="4.310" errors="0">
  <testcase name="product" time="4.310" classname="testngtest.OpenCartPractice"/>
</testsuite> <!-- testngtest.OpenCartPractice -->
