<?xml version="1.0" encoding="UTF-8"?>
<!-- Generated by org.testng.reporters.JUnitReportReporter -->
<testsuite skipped="0" hostname="DESKTOP-VHB0RST" name="testngtest.ParaTesting" tests="1" failures="0" timestamp="28 Aug 2022 13:36:13 GMT" time="9.151" errors="0">
  <testcase name="login" time="9.151" classname="testngtest.ParaTesting"/>
</testsuite> <!-- testngtest.ParaTesting -->
