<?xml version="1.0" encoding="UTF-8"?>
<!-- Generated by org.testng.reporters.JUnitReportReporter -->
<testsuite skipped="0" hostname="DESKTOP-VHB0RST" name="testNGpractice.FaceboocPrac" tests="1" failures="0" timestamp="25 Aug 2022 15:29:10 GMT" time="3.719" errors="0">
  <testcase name="facebook" time="3.719" classname="testNGpractice.FaceboocPrac"/>
</testsuite> <!-- testNGpractice.FaceboocPrac -->
